This file contains any messages produced by compilers while
running configure, to aid debugging if configure makes a mistake.

It was created by libclass configure 1.0, which was
generated by GNU Autoconf 2.69.  Invocation command line was

  $ ./configure 

## --------- ##
## Platform. ##
## --------- ##

hostname = ali-68037n
uname -m = x86_64
uname -r = 2.0.2(0.287/5/3)
uname -s = CYGWIN_NT-6.1
uname -v = 2015-05-08 17:00

/usr/bin/uname -p = unknown
/bin/uname -X     = unknown

/bin/arch              = x86_64
/usr/bin/arch -k       = unknown
/usr/convex/getsysinfo = unknown
/usr/bin/hostinfo      = unknown
/bin/machine           = unknown
/usr/bin/oslevel       = unknown
/bin/universe          = unknown

PATH: /usr/local/bin
PATH: /usr/bin
PATH: /usr/bin
PATH: /cygdrive/c/ProgramData/Oracle/Java/javapath
PATH: /cygdrive/c/Windows/system32
PATH: /cygdrive/c/Windows
PATH: /cygdrive/c/Windows/System32/Wbem
PATH: /cygdrive/c/Windows/System32/WindowsPowerShell/v1.0
PATH: /cygdrive/c/Program Files/Lenovo/Fingerprint Manager Pro
PATH: /cygdrive/c/Program Files/TortoiseSVN/bin
PATH: /cygdrive/c/Program Files/TortoiseGit/bin
PATH: /cygdrive/d/java_tools/android/android-sdk/platform-tools
PATH: /cygdrive/d/tools/android-ndk-r10d
PATH: /cygdrive/d/tools/jad
PATH: /cygdrive/c/Program Files/Java/jdk1.8.0_05/bin
PATH: /cygdrive/d/java_tools/apache-maven-2.2.1/bin
PATH: /cygdrive/d/program/OpenVPN/bin
PATH: /usr/lib/lapack


## ----------- ##
## Core tests. ##
## ----------- ##

configure:1831: checking for a BSD-compatible install
configure:1899: result: /usr/bin/install -c
configure:1910: checking whether build environment is sane
configure:1965: result: yes
configure:2116: checking for a thread-safe mkdir -p
configure:2155: result: /usr/bin/mkdir -p
configure:2162: checking for gawk
configure:2178: found /usr/bin/gawk
configure:2189: result: gawk
configure:2200: checking whether make sets $(MAKE)
configure:2222: result: yes
configure:2251: checking whether make supports nested variables
configure:2268: result: yes
configure:2441: checking for gcc
configure:2457: found /usr/bin/gcc
configure:2468: result: gcc
configure:2697: checking for C compiler version
configure:2706: gcc --version >&5
gcc (GCC) 4.9.2
Copyright (C) 2014 Free Software Foundation, Inc.
This is free software; see the source for copying conditions.  There is NO
warranty; not even for MERCHANTABILITY or FITNESS FOR A PARTICULAR PURPOSE.

configure:2717: $? = 0
configure:2706: gcc -v >&5
Using built-in specs.
COLLECT_GCC=gcc
COLLECT_LTO_WRAPPER=/usr/lib/gcc/x86_64-pc-cygwin/4.9.2/lto-wrapper.exe
Target: x86_64-pc-cygwin
Configured with: /cygdrive/i/szsz/tmpp/gcc/gcc-4.9.2-3.x86_64/src/gcc-4.9.2/configure --srcdir=/cygdrive/i/szsz/tmpp/gcc/gcc-4.9.2-3.x86_64/src/gcc-4.9.2 --prefix=/usr --exec-prefix=/usr --bindir=/usr/bin --sbindir=/usr/sbin --libexecdir=/usr/libexec --datadir=/usr/share --localstatedir=/var --sysconfdir=/etc --libdir=/usr/lib --datarootdir=/usr/share --docdir=/usr/share/doc/gcc --htmldir=/usr/share/doc/gcc/html -C --build=x86_64-pc-cygwin --host=x86_64-pc-cygwin --target=x86_64-pc-cygwin --without-libiconv-prefix --without-libintl-prefix --libexecdir=/usr/lib --enable-shared --enable-shared-libgcc --enable-static --enable-version-specific-runtime-libs --enable-bootstrap --enable-__cxa_atexit --with-dwarf2 --with-tune=generic --enable-languages=ada,c,c++,fortran,lto,objc,obj-c++ --enable-graphite --enable-threads=posix --enable-libatomic --enable-libgomp --disable-libitm --enable-libquadmath --enable-libquadmath-support --enable-libssp --enable-libada --enable-libgcj-sublibs --disable-java-awt --disable-symvers --with-ecj-jar=/usr/share/java/ecj.jar --with-gnu-ld --with-gnu-as --with-cloog-include=/usr/include/cloog-isl --without-libiconv-prefix --without-libintl-prefix --with-system-zlib --enable-linker-build-id
Thread model: posix
gcc version 4.9.2 (GCC) 
configure:2717: $? = 0
configure:2706: gcc -V >&5
gcc: error: unrecognized command line option '-V'
gcc: fatal error: no input files
compilation terminated.
configure:2717: $? = 1
configure:2706: gcc -qversion >&5
gcc: error: unrecognized command line option '-qversion'
gcc: fatal error: no input files
compilation terminated.
configure:2717: $? = 1
configure:2737: checking whether the C compiler works
configure:2759: gcc    conftest.c  >&5
configure:2763: $? = 0
configure:2811: result: yes
configure:2814: checking for C compiler default output file name
configure:2816: result: a.exe
configure:2822: checking for suffix of executables
configure:2829: gcc -o conftest.exe    conftest.c  >&5
configure:2833: $? = 0
configure:2855: result: .exe
configure:2877: checking whether we are cross compiling
configure:2885: gcc -o conftest.exe    conftest.c  >&5
configure:2889: $? = 0
configure:2896: ./conftest.exe
configure:2900: $? = 0
configure:2915: result: no
configure:2920: checking for suffix of object files
configure:2942: gcc -c   conftest.c >&5
configure:2946: $? = 0
configure:2967: result: o
configure:2971: checking whether we are using the GNU C compiler
configure:2990: gcc -c   conftest.c >&5
configure:2990: $? = 0
configure:2999: result: yes
configure:3008: checking whether gcc accepts -g
configure:3028: gcc -c -g  conftest.c >&5
configure:3028: $? = 0
configure:3069: result: yes
configure:3086: checking for gcc option to accept ISO C89
configure:3149: gcc  -c -g -O2  conftest.c >&5
configure:3149: $? = 0
configure:3162: result: none needed
configure:3187: checking whether gcc understands -c and -o together
configure:3209: gcc -c conftest.c -o conftest2.o
configure:3212: $? = 0
configure:3209: gcc -c conftest.c -o conftest2.o
configure:3212: $? = 0
configure:3224: result: yes
configure:3252: checking for style of include used by make
configure:3280: result: GNU
configure:3306: checking dependency style of gcc
configure:3417: result: gcc3
configure:3545: checking that generated files are newer than configure
configure:3551: result: done
configure:3574: creating ./config.status

## ---------------------- ##
## Running config.status. ##
## ---------------------- ##

This file was extended by libclass config.status 1.0, which was
generated by GNU Autoconf 2.69.  Invocation command line was

  CONFIG_FILES    = 
  CONFIG_HEADERS  = 
  CONFIG_LINKS    = 
  CONFIG_COMMANDS = 
  $ ./config.status 

on ali-68037n

config.status:840: creating Makefile
config.status:840: creating src/Makefile
config.status:840: creating config.h
config.status:1069: executing depfiles commands

## ---------------- ##
## Cache variables. ##
## ---------------- ##

ac_cv_c_compiler_gnu=yes
ac_cv_env_CC_set=
ac_cv_env_CC_value=
ac_cv_env_CFLAGS_set=
ac_cv_env_CFLAGS_value=
ac_cv_env_CPPFLAGS_set=
ac_cv_env_CPPFLAGS_value=
ac_cv_env_LDFLAGS_set=
ac_cv_env_LDFLAGS_value=
ac_cv_env_LIBS_set=
ac_cv_env_LIBS_value=
ac_cv_env_build_alias_set=
ac_cv_env_build_alias_value=
ac_cv_env_host_alias_set=
ac_cv_env_host_alias_value=
ac_cv_env_target_alias_set=
ac_cv_env_target_alias_value=
ac_cv_exeext=.exe
ac_cv_objext=o
ac_cv_path_install='/usr/bin/install -c'
ac_cv_path_mkdir=/usr/bin/mkdir
ac_cv_prog_AWK=gawk
ac_cv_prog_ac_ct_CC=gcc
ac_cv_prog_cc_c89=
ac_cv_prog_cc_g=yes
ac_cv_prog_make_make_set=yes
am_cv_CC_dependencies_compiler_type=gcc3
am_cv_make_support_nested_variables=yes
am_cv_prog_cc_c_o=yes

## ----------------- ##
## Output variables. ##
## ----------------- ##

ACLOCAL='${SHELL} /home/liaojun.lj/libclass/libclass/missing aclocal-1.14'
AMDEPBACKSLASH='\'
AMDEP_FALSE='#'
AMDEP_TRUE=''
AMTAR='$${TAR-tar}'
AM_BACKSLASH='\'
AM_DEFAULT_V='$(AM_DEFAULT_VERBOSITY)'
AM_DEFAULT_VERBOSITY='1'
AM_V='$(V)'
AUTOCONF='${SHELL} /home/liaojun.lj/libclass/libclass/missing autoconf'
AUTOHEADER='${SHELL} /home/liaojun.lj/libclass/libclass/missing autoheader'
AUTOMAKE='${SHELL} /home/liaojun.lj/libclass/libclass/missing automake-1.14'
AWK='gawk'
CC='gcc'
CCDEPMODE='depmode=gcc3'
CFLAGS='-g -O2'
CPPFLAGS=''
CYGPATH_W='cygpath -w'
DEFS='-DHAVE_CONFIG_H'
DEPDIR='.deps'
ECHO_C=''
ECHO_N='-n'
ECHO_T=''
EXEEXT='.exe'
INSTALL_DATA='${INSTALL} -m 644'
INSTALL_PROGRAM='${INSTALL}'
INSTALL_SCRIPT='${INSTALL}'
INSTALL_STRIP_PROGRAM='$(install_sh) -c -s'
LDFLAGS=''
LIBOBJS=''
LIBS=''
LTLIBOBJS=''
MAKEINFO='${SHELL} /home/liaojun.lj/libclass/libclass/missing makeinfo'
MKDIR_P='/usr/bin/mkdir -p'
OBJEXT='o'
PACKAGE='libclass'
PACKAGE_BUGREPORT='notishell@gmail.com'
PACKAGE_NAME='libclass'
PACKAGE_STRING='libclass 1.0'
PACKAGE_TARNAME='libclass'
PACKAGE_URL=''
PACKAGE_VERSION='1.0'
PATH_SEPARATOR=':'
SET_MAKE=''
SHELL='/bin/sh'
STRIP=''
VERSION='1.0'
ac_ct_CC='gcc'
am__EXEEXT_FALSE='#'
am__EXEEXT_TRUE=''
am__fastdepCC_FALSE='#'
am__fastdepCC_TRUE=''
am__include='include'
am__isrc=''
am__leading_dot='.'
am__nodep='_no'
am__quote=''
am__tar='$${TAR-tar} chof - "$$tardir"'
am__untar='$${TAR-tar} xf -'
bindir='${exec_prefix}/bin'
build_alias=''
datadir='${datarootdir}'
datarootdir='${prefix}/share'
docdir='${datarootdir}/doc/${PACKAGE_TARNAME}'
dvidir='${docdir}'
exec_prefix='${prefix}'
host_alias=''
htmldir='${docdir}'
includedir='${prefix}/include'
infodir='${datarootdir}/info'
install_sh='${SHELL} /home/liaojun.lj/libclass/libclass/install-sh'
libdir='${exec_prefix}/lib'
libexecdir='${exec_prefix}/libexec'
localedir='${datarootdir}/locale'
localstatedir='${prefix}/var'
mandir='${datarootdir}/man'
mkdir_p='$(MKDIR_P)'
oldincludedir='/usr/include'
pdfdir='${docdir}'
prefix='/usr/local'
program_transform_name='s,x,x,'
psdir='${docdir}'
sbindir='${exec_prefix}/sbin'
sharedstatedir='${prefix}/com'
sysconfdir='${prefix}/etc'
target_alias=''

## ----------- ##
## confdefs.h. ##
## ----------- ##

/* confdefs.h */
#define PACKAGE_NAME "libclass"
#define PACKAGE_TARNAME "libclass"
#define PACKAGE_VERSION "1.0"
#define PACKAGE_STRING "libclass 1.0"
#define PACKAGE_BUGREPORT "notishell@gmail.com"
#define PACKAGE_URL ""
#define PACKAGE "libclass"
#define VERSION "1.0"

configure: exit 0
